<?xml version="1.0" encoding="UTF-8"?>
<testsuite xmlns:xsi="http://www.w3.org/2001/XMLSchema-instance" xsi:noNamespaceSchemaLocation="https://maven.apache.org/surefire/maven-surefire-plugin/xsd/surefire-test-report-3.0.xsd" version="3.0" name="com.scut.moonlogin.MoonLoginApplicationTests" time="25.968" tests="1" errors="0" skipped="0" failures="0">
  <properties>
[...]
</properties>
  <testcase name="contextLoads" classname="com.scut.moonlogin.MoonLoginApplicationTests" time="21.787">
    <system-out><![CDATA[23:47:57.058 [main] INFO org.springframework.test.context.support.AnnotationConfigContextLoaderUtils -- Could not detect default configuration classes for test class [com.scut.moonlogin.MoonLoginApplicationTests]: MoonLoginApplicationTests does not declare any static, non-private, non-final, nested classes annotated with @Configuration.
23:47:57.225 [main] INFO org.springframework.boot.test.context.SpringBootTestContextBootstrapper -- Found @SpringBootConfiguration com.scut.moonlogin.MoonLoginApplication for test class com.scut.moonlogin.MoonLoginApplicationTests

  .   ____          _            __ _ _
 /\\ / ___'_ __ _ _(_)_ __  __ _ \ \ \ \
( ( )\___ | '_ | '_| | '_ \/ _` | \ \ \ \
 \\/  ___)| |_)| | | | | || (_| |  ) ) ) )
  '  |____| .__|_| |_|_| |_\__, | / / / /
 =========|_|==============|___/=/_/_/_/
 :: Spring Boot ::                (v3.2.3)

2024-04-10T23:47:57.771+08:00  INFO 14684 --- [MoonLogin] [           main] c.s.moonlogin.MoonLoginApplicationTests  : Starting MoonLoginApplicationTests using Java 21.0.2 with PID 14684 (started by 46339 in D:\JavaPro\IDEA\MoonLogin)
2024-04-10T23:47:57.772+08:00  INFO 14684 --- [MoonLogin] [           main] c.s.moonlogin.MoonLoginApplicationTests  : No active profile set, falling back to 1 default profile: "default"
Logging initialized using 'class org.apache.ibatis.logging.stdout.StdOutImpl' adapter.
2024-04-10T23:48:00.923+08:00  INFO 14684 --- [MoonLogin] [           main] c.s.moonlogin.MoonLoginApplicationTests  : Started MoonLoginApplicationTests in 3.494 seconds (process running for 4.822)
User(userName=lisi, user_id=1, passWord=123456)
Creating a new SqlSession
SqlSession [org.apache.ibatis.session.defaults.DefaultSqlSession@1d637673] was not registered for synchronization because synchronization is not active
2024-04-10T23:48:02.614+08:00  INFO 14684 --- [MoonLogin] [           main] com.zaxxer.hikari.HikariDataSource       : HikariPool-1 - Starting...
2024-04-10T23:48:22.578+08:00  INFO 14684 --- [MoonLogin] [           main] com.zaxxer.hikari.pool.HikariPool        : HikariPool-1 - Added connection com.mysql.cj.jdbc.ConnectionImpl@4a58e0e9
2024-04-10T23:48:22.580+08:00  INFO 14684 --- [MoonLogin] [           main] com.zaxxer.hikari.HikariDataSource       : HikariPool-1 - Start completed.
JDBC Connection [HikariProxyConnection@1135930380 wrapping com.mysql.cj.jdbc.ConnectionImpl@4a58e0e9] will not be managed by Spring
==>  Preparing: select * from lisi
==> Parameters: 
<==      Total: 0
Closing non transactional SqlSession [org.apache.ibatis.session.defaults.DefaultSqlSession@1d637673]
这个是:[]
]]></system-out>
    <system-err><![CDATA[WARNING: A Java agent has been loaded dynamically (C:\Users\46339\.m2\repository\net\bytebuddy\byte-buddy-agent\1.14.12\byte-buddy-agent-1.14.12.jar)
WARNING: If a serviceability tool is in use, please run with -XX:+EnableDynamicAgentLoading to hide this warning
WARNING: If a serviceability tool is not in use, please run with -Djdk.instrument.traceUsage for more information
WARNING: Dynamic loading of agents will be disallowed by default in a future release
]]></system-err>
  </testcase>
</testsuite>